[Fri Feb 20 13:12:07.386168 2015] [core:warn] [pid 25664:tid 140219598051136] AH00098: pid file /var/run/apache2/apache2.pid overwritten -- Unclean shutdown of previous Apache run?
[Fri Feb 20 13:12:07.388992 2015] [mpm_worker:notice] [pid 25664:tid 140219598051136] AH00292: Apache/2.4.12 (Ubuntu) configured -- resuming normal operations
[Fri Feb 20 13:12:07.389051 2015] [core:notice] [pid 25664:tid 140219598051136] AH00094: Command line: '/usr/sbin/apache2'
[Fri Feb 20 13:17:45.523430 2015] [mpm_worker:notice] [pid 25664:tid 140219598051136] AH00295: caught SIGTERM, shutting down
[Fri Feb 20 13:21:44.056007 2015] [mpm_worker:notice] [pid 3539:tid 139916420323136] AH00292: Apache/2.4.12 (Ubuntu) configured -- resuming normal operations
[Fri Feb 20 13:21:44.056185 2015] [core:notice] [pid 3539:tid 139916420323136] AH00094: Command line: '/usr/sbin/apache2'
[Fri Feb 20 13:21:52.125665 2015] [mpm_worker:notice] [pid 3539:tid 139916420323136] AH00295: caught SIGTERM, shutting down
[Fri Feb 20 13:21:52.907661 2015] [mpm_worker:notice] [pid 4024:tid 140325318510400] AH00292: Apache/2.4.12 (Ubuntu) configured -- resuming normal operations
[Fri Feb 20 13:21:52.907829 2015] [core:notice] [pid 4024:tid 140325318510400] AH00094: Command line: '/usr/sbin/apache2'
[Fri Feb 20 13:23:42.838146 2015] [mpm_worker:notice] [pid 4024:tid 140325318510400] AH00295: caught SIGTERM, shutting down
[Fri Feb 20 13:26:30.641955 2015] [mpm_worker:notice] [pid 3443:tid 140316816643904] AH00292: Apache/2.4.12 (Ubuntu) configured -- resuming normal operations
[Fri Feb 20 13:26:30.642066 2015] [core:notice] [pid 3443:tid 140316816643904] AH00094: Command line: '/usr/sbin/apache2'
[Fri Feb 20 13:26:39.366420 2015] [mpm_worker:notice] [pid 3443:tid 140316816643904] AH00295: caught SIGTERM, shutting down
[Fri Feb 20 13:26:40.194422 2015] [mpm_worker:notice] [pid 3922:tid 139715312523072] AH00292: Apache/2.4.12 (Ubuntu) configured -- resuming normal operations
[Fri Feb 20 13:26:40.194532 2015] [core:notice] [pid 3922:tid 139715312523072] AH00094: Command line: '/usr/sbin/apache2'
[Fri Feb 20 13:29:06.831072 2015] [mpm_worker:notice] [pid 3922:tid 139715312523072] AH00295: caught SIGTERM, shutting down
[Fri Feb 20 13:32:40.465563 2015] [mpm_worker:notice] [pid 3479:tid 139708452038464] AH00292: Apache/2.4.12 (Ubuntu) configured -- resuming normal operations
[Fri Feb 20 13:32:40.465691 2015] [core:notice] [pid 3479:tid 139708452038464] AH00094: Command line: '/usr/sbin/apache2'
[Fri Feb 20 13:32:47.576885 2015] [mpm_worker:notice] [pid 3479:tid 139708452038464] AH00295: caught SIGTERM, shutting down
[Fri Feb 20 13:32:48.478871 2015] [mpm_worker:notice] [pid 3957:tid 140260669187904] AH00292: Apache/2.4.12 (Ubuntu) configured -- resuming normal operations
[Fri Feb 20 13:32:48.478979 2015] [core:notice] [pid 3957:tid 140260669187904] AH00094: Command line: '/usr/sbin/apache2'
[Fri Feb 20 13:40:48.392399 2015] [mpm_worker:notice] [pid 3957:tid 140260669187904] AH00295: caught SIGTERM, shutting down
[Fri Feb 20 13:45:45.697240 2015] [mpm_worker:notice] [pid 3435:tid 140655032960832] AH00292: Apache/2.4.12 (Ubuntu) configured -- resuming normal operations
[Fri Feb 20 13:45:45.697388 2015] [core:notice] [pid 3435:tid 140655032960832] AH00094: Command line: '/usr/sbin/apache2'
[Fri Feb 20 13:49:14.634699 2015] [mpm_worker:notice] [pid 3435:tid 140655032960832] AH00295: caught SIGTERM, shutting down
[Fri Feb 20 13:55:03.776181 2015] [mpm_worker:notice] [pid 3415:tid 140297597794112] AH00292: Apache/2.4.12 (Ubuntu) configured -- resuming normal operations
[Fri Feb 20 13:55:03.776289 2015] [core:notice] [pid 3415:tid 140297597794112] AH00094: Command line: '/usr/sbin/apache2'
[Fri Feb 20 14:23:32.374891 2015] [core:warn] [pid 2164:tid 139743839885120] AH00098: pid file /var/run/apache2/apache2.pid overwritten -- Unclean shutdown of previous Apache run?
[Fri Feb 20 14:23:32.377250 2015] [mpm_worker:notice] [pid 2164:tid 139743839885120] AH00292: Apache/2.4.12 (Ubuntu) configured -- resuming normal operations
[Fri Feb 20 14:23:32.377332 2015] [core:notice] [pid 2164:tid 139743839885120] AH00094: Command line: '/usr/sbin/apache2'
[Fri Feb 20 14:26:29.450260 2015] [mpm_worker:notice] [pid 2164:tid 139743839885120] AH00295: caught SIGTERM, shutting down
[Fri Feb 20 15:59:08.785814 2015] [mpm_worker:notice] [pid 3319:tid 140155095029568] AH00292: Apache/2.4.12 (Ubuntu) configured -- resuming normal operations
[Fri Feb 20 15:59:08.786087 2015] [core:notice] [pid 3319:tid 140155095029568] AH00094: Command line: '/usr/sbin/apache2'
[Fri Feb 20 15:59:13.967703 2015] [mpm_worker:notice] [pid 3319:tid 140155095029568] AH00295: caught SIGTERM, shutting down
[Fri Feb 20 15:59:14.727881 2015] [:notice] [pid 3708:tid 140317456615232] FastCGI: process manager initialized (pid 3708)
[Fri Feb 20 15:59:14.729289 2015] [mpm_worker:notice] [pid 3704:tid 140317456615232] AH00292: Apache/2.4.12 (Ubuntu) mod_fastcgi/mod_fastcgi-SNAP-0910052141 configured -- resuming normal operations
[Fri Feb 20 15:59:14.739009 2015] [core:notice] [pid 3704:tid 140317456615232] AH00094: Command line: '/usr/sbin/apache2'
[Fri Feb 20 16:06:15.037719 2015] [mpm_worker:notice] [pid 3704:tid 140317456615232] AH00297: SIGUSR1 received.  Doing graceful restart
AH00558: apache2: Could not reliably determine the server's fully qualified domain name, using 127.0.1.1. Set the 'ServerName' directive globally to suppress this message
[Fri Feb 20 16:06:15.190047 2015] [:notice] [pid 16131:tid 140317456615232] FastCGI: process manager initialized (pid 16131)
[Fri Feb 20 16:06:15.190267 2015] [mpm_worker:notice] [pid 3704:tid 140317456615232] AH00292: Apache/2.4.12 (Ubuntu) mod_fastcgi/mod_fastcgi-SNAP-0910052141 configured -- resuming normal operations
[Fri Feb 20 16:06:15.191069 2015] [core:notice] [pid 3704:tid 140317456615232] AH00094: Command line: '/usr/sbin/apache2'
[Fri Feb 20 16:06:16.953957 2015] [mpm_worker:notice] [pid 3704:tid 140317456615232] AH00295: caught SIGTERM, shutting down
[Fri Feb 20 16:06:16.967431 2015] [:alert] [pid 16131:tid 140317456615232] FastCGI: read() from pipe failed (0)
[Fri Feb 20 16:06:16.974294 2015] [:alert] [pid 16131:tid 140317456615232] FastCGI: the PM is shutting down, Apache seems to have disappeared - bye
[Fri Feb 20 16:06:17.711832 2015] [:notice] [pid 16504:tid 139915649210176] FastCGI: process manager initialized (pid 16504)
[Fri Feb 20 16:06:17.713168 2015] [mpm_worker:notice] [pid 16500:tid 139915649210176] AH00292: Apache/2.4.12 (Ubuntu) mod_fastcgi/mod_fastcgi-SNAP-0910052141 configured -- resuming normal operations
[Fri Feb 20 16:06:17.725401 2015] [core:notice] [pid 16500:tid 139915649210176] AH00094: Command line: '/usr/sbin/apache2'
[Fri Feb 20 16:15:49.482406 2015] [mpm_worker:notice] [pid 16500:tid 139915649210176] AH00297: SIGUSR1 received.  Doing graceful restart
AH00558: apache2: Could not reliably determine the server's fully qualified domain name, using 127.0.1.1. Set the 'ServerName' directive globally to suppress this message
[Fri Feb 20 16:15:49.541343 2015] [:notice] [pid 17206:tid 139915649210176] FastCGI: process manager initialized (pid 17206)
[Fri Feb 20 16:15:49.541523 2015] [mpm_worker:notice] [pid 16500:tid 139915649210176] AH00292: Apache/2.4.12 (Ubuntu) mod_fastcgi/mod_fastcgi-SNAP-0910052141 configured -- resuming normal operations
[Fri Feb 20 16:15:49.542085 2015] [core:notice] [pid 16500:tid 139915649210176] AH00094: Command line: '/usr/sbin/apache2'
[Fri Feb 20 16:20:43.651384 2015] [mpm_worker:notice] [pid 16500:tid 139915649210176] AH00297: SIGUSR1 received.  Doing graceful restart
AH00558: apache2: Could not reliably determine the server's fully qualified domain name, using 127.0.1.1. Set the 'ServerName' directive globally to suppress this message
[Fri Feb 20 16:20:43.720323 2015] [:notice] [pid 17505:tid 139915649210176] FastCGI: process manager initialized (pid 17505)
[Fri Feb 20 16:20:43.720575 2015] [mpm_worker:notice] [pid 16500:tid 139915649210176] AH00292: Apache/2.4.12 (Ubuntu) mod_fastcgi/mod_fastcgi-SNAP-0910052141 configured -- resuming normal operations
[Fri Feb 20 16:20:43.721234 2015] [core:notice] [pid 16500:tid 139915649210176] AH00094: Command line: '/usr/sbin/apache2'
[Fri Feb 20 16:21:15.617822 2015] [mpm_worker:notice] [pid 16500:tid 139915649210176] AH00297: SIGUSR1 received.  Doing graceful restart
AH00558: apache2: Could not reliably determine the server's fully qualified domain name, using 127.0.1.1. Set the 'ServerName' directive globally to suppress this message
[Fri Feb 20 16:21:15.726495 2015] [:notice] [pid 17790:tid 139915649210176] FastCGI: process manager initialized (pid 17790)
[Fri Feb 20 16:21:15.726638 2015] [mpm_worker:notice] [pid 16500:tid 139915649210176] AH00292: Apache/2.4.12 (Ubuntu) mod_fastcgi/mod_fastcgi-SNAP-0910052141 configured -- resuming normal operations
[Fri Feb 20 16:21:15.728224 2015] [core:notice] [pid 16500:tid 139915649210176] AH00094: Command line: '/usr/sbin/apache2'
[Fri Feb 20 16:35:35.360585 2015] [mpm_worker:notice] [pid 16500:tid 139915649210176] AH00297: SIGUSR1 received.  Doing graceful restart
AH00558: apache2: Could not reliably determine the server's fully qualified domain name, using 127.0.1.1. Set the 'ServerName' directive globally to suppress this message
[Fri Feb 20 16:35:35.461714 2015] [:notice] [pid 18166:tid 139915649210176] FastCGI: process manager initialized (pid 18166)
[Fri Feb 20 16:35:35.461851 2015] [mpm_worker:notice] [pid 16500:tid 139915649210176] AH00292: Apache/2.4.12 (Ubuntu) mod_fastcgi/mod_fastcgi-SNAP-0910052141 configured -- resuming normal operations
[Fri Feb 20 16:35:35.462667 2015] [core:notice] [pid 16500:tid 139915649210176] AH00094: Command line: '/usr/sbin/apache2'
[Fri Feb 20 16:37:16.922080 2015] [mpm_worker:notice] [pid 16500:tid 139915649210176] AH00297: SIGUSR1 received.  Doing graceful restart
AH00558: apache2: Could not reliably determine the server's fully qualified domain name, using 127.0.1.1. Set the 'ServerName' directive globally to suppress this message
[Fri Feb 20 16:37:16.992233 2015] [:notice] [pid 18449:tid 139915649210176] FastCGI: process manager initialized (pid 18449)
[Fri Feb 20 16:37:16.992362 2015] [mpm_worker:notice] [pid 16500:tid 139915649210176] AH00292: Apache/2.4.12 (Ubuntu) mod_fastcgi/mod_fastcgi-SNAP-0910052141 configured -- resuming normal operations
[Fri Feb 20 16:37:16.993122 2015] [core:notice] [pid 16500:tid 139915649210176] AH00094: Command line: '/usr/sbin/apache2'
[Fri Feb 20 16:40:34.561409 2015] [mpm_worker:notice] [pid 16500:tid 139915649210176] AH00297: SIGUSR1 received.  Doing graceful restart
AH00558: apache2: Could not reliably determine the server's fully qualified domain name, using 127.0.1.1. Set the 'ServerName' directive globally to suppress this message
[Fri Feb 20 16:40:34.634201 2015] [:notice] [pid 18805:tid 139915649210176] FastCGI: process manager initialized (pid 18805)
[Fri Feb 20 16:40:34.634381 2015] [mpm_worker:notice] [pid 16500:tid 139915649210176] AH00292: Apache/2.4.12 (Ubuntu) mod_fastcgi/mod_fastcgi-SNAP-0910052141 configured -- resuming normal operations
[Fri Feb 20 16:40:34.635162 2015] [core:notice] [pid 16500:tid 139915649210176] AH00094: Command line: '/usr/sbin/apache2'
[Fri Feb 20 16:41:40.337421 2015] [mpm_worker:notice] [pid 16500:tid 139915649210176] AH00297: SIGUSR1 received.  Doing graceful restart
AH00558: apache2: Could not reliably determine the server's fully qualified domain name, using 127.0.1.1. Set the 'ServerName' directive globally to suppress this message
[Fri Feb 20 16:41:40.414281 2015] [:notice] [pid 19081:tid 139915649210176] FastCGI: process manager initialized (pid 19081)
[Fri Feb 20 16:41:40.415999 2015] [mpm_worker:notice] [pid 16500:tid 139915649210176] AH00292: Apache/2.4.12 (Ubuntu) mod_fastcgi/mod_fastcgi-SNAP-0910052141 configured -- resuming normal operations
[Fri Feb 20 16:41:40.416720 2015] [core:notice] [pid 16500:tid 139915649210176] AH00094: Command line: '/usr/sbin/apache2'
[Fri Feb 20 16:42:07.915633 2015] [mpm_worker:notice] [pid 16500:tid 139915649210176] AH00297: SIGUSR1 received.  Doing graceful restart
AH00558: apache2: Could not reliably determine the server's fully qualified domain name, using 127.0.1.1. Set the 'ServerName' directive globally to suppress this message
[Fri Feb 20 16:42:07.980005 2015] [:notice] [pid 19414:tid 139915649210176] FastCGI: process manager initialized (pid 19414)
[Fri Feb 20 16:42:07.980285 2015] [mpm_worker:notice] [pid 16500:tid 139915649210176] AH00292: Apache/2.4.12 (Ubuntu) mod_fastcgi/mod_fastcgi-SNAP-0910052141 configured -- resuming normal operations
[Fri Feb 20 16:42:07.980851 2015] [core:notice] [pid 16500:tid 139915649210176] AH00094: Command line: '/usr/sbin/apache2'
[Fri Feb 20 16:45:49.653496 2015] [mpm_worker:notice] [pid 16500:tid 139915649210176] AH00297: SIGUSR1 received.  Doing graceful restart
AH00558: apache2: Could not reliably determine the server's fully qualified domain name, using 127.0.1.1. Set the 'ServerName' directive globally to suppress this message
[Fri Feb 20 16:45:49.768000 2015] [:notice] [pid 19692:tid 139915649210176] FastCGI: process manager initialized (pid 19692)
[Fri Feb 20 16:45:49.768286 2015] [mpm_worker:notice] [pid 16500:tid 139915649210176] AH00292: Apache/2.4.12 (Ubuntu) mod_fastcgi/mod_fastcgi-SNAP-0910052141 configured -- resuming normal operations
[Fri Feb 20 16:45:49.769086 2015] [core:notice] [pid 16500:tid 139915649210176] AH00094: Command line: '/usr/sbin/apache2'
[Fri Feb 20 16:51:37.443440 2015] [mpm_worker:notice] [pid 16500:tid 139915649210176] AH00297: SIGUSR1 received.  Doing graceful restart
AH00558: apache2: Could not reliably determine the server's fully qualified domain name, using 127.0.1.1. Set the 'ServerName' directive globally to suppress this message
[Fri Feb 20 16:51:37.565418 2015] [:notice] [pid 20047:tid 139915649210176] FastCGI: process manager initialized (pid 20047)
[Fri Feb 20 16:51:37.565660 2015] [mpm_worker:notice] [pid 16500:tid 139915649210176] AH00292: Apache/2.4.12 (Ubuntu) mod_fastcgi/mod_fastcgi-SNAP-0910052141 configured -- resuming normal operations
[Fri Feb 20 16:51:37.566500 2015] [core:notice] [pid 16500:tid 139915649210176] AH00094: Command line: '/usr/sbin/apache2'
[Fri Feb 20 16:55:54.731548 2015] [mpm_worker:notice] [pid 16500:tid 139915649210176] AH00295: caught SIGTERM, shutting down
[Fri Feb 20 16:55:54.742361 2015] [:alert] [pid 20047:tid 139915649210176] FastCGI: read() from pipe failed (0)
[Fri Feb 20 16:55:54.750873 2015] [:alert] [pid 20047:tid 139915649210176] FastCGI: the PM is shutting down, Apache seems to have disappeared - bye
[Sat Feb 21 14:07:02.714203 2015] [:notice] [pid 32158:tid 140048036587328] FastCGI: process manager initialized (pid 32158)
[Sat Feb 21 14:07:02.715288 2015] [mpm_worker:notice] [pid 32154:tid 140048036587328] AH00292: Apache/2.4.12 (Ubuntu) mod_fastcgi/mod_fastcgi-SNAP-0910052141 configured -- resuming normal operations
[Sat Feb 21 14:07:02.718802 2015] [core:notice] [pid 32154:tid 140048036587328] AH00094: Command line: '/usr/sbin/apache2'
[Sat Feb 21 14:08:44.601250 2015] [mpm_worker:notice] [pid 32154:tid 140048036587328] AH00297: SIGUSR1 received.  Doing graceful restart
AH00558: apache2: Could not reliably determine the server's fully qualified domain name, using 127.0.1.1. Set the 'ServerName' directive globally to suppress this message
[Sat Feb 21 14:08:44.719349 2015] [mpm_worker:notice] [pid 32154:tid 140048036587328] AH00292: Apache/2.4.12 (Ubuntu) mod_fastcgi/mod_fastcgi-SNAP-0910052141 configured -- resuming normal operations
[Sat Feb 21 14:08:44.719378 2015] [core:notice] [pid 32154:tid 140048036587328] AH00094: Command line: '/usr/sbin/apache2'
[Sat Feb 21 14:08:44.719452 2015] [:notice] [pid 12167:tid 140048036587328] FastCGI: process manager initialized (pid 12167)
[Sat Feb 21 14:08:45.465491 2015] [mpm_worker:notice] [pid 32154:tid 140048036587328] AH00295: caught SIGTERM, shutting down
[Sat Feb 21 14:08:45.508615 2015] [:alert] [pid 12167:tid 140048036587328] FastCGI: read() from pipe failed (0)
[Sat Feb 21 14:08:45.515752 2015] [:alert] [pid 12167:tid 140048036587328] FastCGI: the PM is shutting down, Apache seems to have disappeared - bye
[Sat Feb 21 14:08:46.236294 2015] [:notice] [pid 12542:tid 139892585072448] FastCGI: process manager initialized (pid 12542)
[Sat Feb 21 14:08:46.238435 2015] [mpm_worker:notice] [pid 12538:tid 139892585072448] AH00292: Apache/2.4.12 (Ubuntu) mod_fastcgi/mod_fastcgi-SNAP-0910052141 configured -- resuming normal operations
[Sat Feb 21 14:08:46.249567 2015] [core:notice] [pid 12538:tid 139892585072448] AH00094: Command line: '/usr/sbin/apache2'
[Sat Feb 21 14:32:52.949577 2015] [mpm_worker:notice] [pid 12538:tid 139892585072448] AH00297: SIGUSR1 received.  Doing graceful restart
AH00558: apache2: Could not reliably determine the server's fully qualified domain name, using 127.0.1.1. Set the 'ServerName' directive globally to suppress this message
[Sat Feb 21 14:32:53.028227 2015] [:notice] [pid 13182:tid 139892585072448] FastCGI: process manager initialized (pid 13182)
[Sat Feb 21 14:32:53.028389 2015] [mpm_worker:notice] [pid 12538:tid 139892585072448] AH00292: Apache/2.4.12 (Ubuntu) mod_fastcgi/mod_fastcgi-SNAP-0910052141 configured -- resuming normal operations
[Sat Feb 21 14:32:53.028992 2015] [core:notice] [pid 12538:tid 139892585072448] AH00094: Command line: '/usr/sbin/apache2'
[Sat Feb 21 14:33:59.031443 2015] [mpm_worker:notice] [pid 12538:tid 139892585072448] AH00297: SIGUSR1 received.  Doing graceful restart
AH00558: apache2: Could not reliably determine the server's fully qualified domain name, using 127.0.1.1. Set the 'ServerName' directive globally to suppress this message
[Sat Feb 21 14:33:59.095986 2015] [:notice] [pid 13467:tid 139892585072448] FastCGI: process manager initialized (pid 13467)
[Sat Feb 21 14:33:59.096143 2015] [mpm_worker:notice] [pid 12538:tid 139892585072448] AH00292: Apache/2.4.12 (Ubuntu) mod_fastcgi/mod_fastcgi-SNAP-0910052141 configured -- resuming normal operations
[Sat Feb 21 14:33:59.096887 2015] [core:notice] [pid 12538:tid 139892585072448] AH00094: Command line: '/usr/sbin/apache2'
[Sat Feb 21 15:04:18.118215 2015] [mpm_worker:notice] [pid 12538:tid 139892585072448] AH00295: caught SIGTERM, shutting down
[Sat Feb 21 15:04:18.129466 2015] [:alert] [pid 13467:tid 139892585072448] (4)Interrupted system call: FastCGI: read() from pipe failed (0)
[Sat Feb 21 15:04:18.136830 2015] [:alert] [pid 13467:tid 139892585072448] (4)Interrupted system call: FastCGI: the PM is shutting down, Apache seems to have disappeared - bye
[Sat Feb 21 15:09:15.178583 2015] [:notice] [pid 3572:tid 140379973257024] FastCGI: process manager initialized (pid 3572)
[Sat Feb 21 15:09:15.180626 2015] [mpm_worker:notice] [pid 3568:tid 140379973257024] AH00292: Apache/2.4.12 (Ubuntu) mod_fastcgi/mod_fastcgi-SNAP-0910052141 configured -- resuming normal operations
[Sat Feb 21 15:09:15.187609 2015] [core:notice] [pid 3568:tid 140379973257024] AH00094: Command line: '/usr/sbin/apache2'
[Sat Feb 21 15:09:24.202682 2015] [mpm_worker:notice] [pid 3568:tid 140379973257024] AH00295: caught SIGTERM, shutting down
[Sat Feb 21 15:09:24.215120 2015] [:alert] [pid 3572:tid 140379973257024] FastCGI: read() from pipe failed (0)
[Sat Feb 21 15:09:24.222391 2015] [:alert] [pid 3572:tid 140379973257024] FastCGI: the PM is shutting down, Apache seems to have disappeared - bye
[Sat Feb 21 15:09:24.948929 2015] [:notice] [pid 4121:tid 140691745425216] FastCGI: process manager initialized (pid 4121)
[Sat Feb 21 15:09:24.950400 2015] [mpm_worker:notice] [pid 4117:tid 140691745425216] AH00292: Apache/2.4.12 (Ubuntu) mod_fastcgi/mod_fastcgi-SNAP-0910052141 configured -- resuming normal operations
[Sat Feb 21 15:09:24.960125 2015] [core:notice] [pid 4117:tid 140691745425216] AH00094: Command line: '/usr/sbin/apache2'
[Sat Feb 21 15:25:20.626918 2015] [:notice] [pid 1861:tid 139883282134848] FastCGI: process manager initialized (pid 1861)
[Sat Feb 21 15:25:20.628510 2015] [mpm_worker:notice] [pid 1857:tid 139883282134848] AH00292: Apache/2.4.12 (Ubuntu) mod_fastcgi/mod_fastcgi-SNAP-0910052141 configured -- resuming normal operations
[Sat Feb 21 15:25:20.634993 2015] [core:notice] [pid 1857:tid 139883282134848] AH00094: Command line: '/usr/sbin/apache2'
[Sat Feb 21 15:28:03.937929 2015] [mpm_worker:notice] [pid 1857:tid 139883282134848] AH00297: SIGUSR1 received.  Doing graceful restart
AH00558: apache2: Could not reliably determine the server's fully qualified domain name, using 127.0.1.1. Set the 'ServerName' directive globally to suppress this message
[Sat Feb 21 15:28:04.035028 2015] [:notice] [pid 14311:tid 139883282134848] FastCGI: process manager initialized (pid 14311)
[Sat Feb 21 15:28:04.035194 2015] [mpm_worker:notice] [pid 1857:tid 139883282134848] AH00292: Apache/2.4.12 (Ubuntu) mod_fastcgi/mod_fastcgi-SNAP-0910052141 configured -- resuming normal operations
[Sat Feb 21 15:28:04.037121 2015] [core:notice] [pid 1857:tid 139883282134848] AH00094: Command line: '/usr/sbin/apache2'
[Sat Feb 21 15:28:05.845549 2015] [mpm_worker:notice] [pid 1857:tid 139883282134848] AH00295: caught SIGTERM, shutting down
[Sat Feb 21 15:28:05.953813 2015] [:alert] [pid 14311:tid 139883282134848] FastCGI: read() from pipe failed (0)
[Sat Feb 21 15:28:05.960164 2015] [:alert] [pid 14311:tid 139883282134848] FastCGI: the PM is shutting down, Apache seems to have disappeared - bye
[Sat Feb 21 15:28:06.609323 2015] [:notice] [pid 14692:tid 139787258386240] FastCGI: process manager initialized (pid 14692)
[Sat Feb 21 15:28:06.610774 2015] [mpm_worker:notice] [pid 14688:tid 139787258386240] AH00292: Apache/2.4.12 (Ubuntu) mod_fastcgi/mod_fastcgi-SNAP-0910052141 configured -- resuming normal operations
[Sat Feb 21 15:28:06.615226 2015] [core:notice] [pid 14688:tid 139787258386240] AH00094: Command line: '/usr/sbin/apache2'
[Sat Feb 21 15:52:14.612046 2015] [mpm_worker:notice] [pid 14688:tid 139787258386240] AH00297: SIGUSR1 received.  Doing graceful restart
AH00558: apache2: Could not reliably determine the server's fully qualified domain name, using 127.0.1.1. Set the 'ServerName' directive globally to suppress this message
[Sat Feb 21 15:52:14.683810 2015] [:notice] [pid 15879:tid 139787258386240] FastCGI: process manager initialized (pid 15879)
[Sat Feb 21 15:52:14.683992 2015] [mpm_worker:notice] [pid 14688:tid 139787258386240] AH00292: Apache/2.4.12 (Ubuntu) mod_fastcgi/mod_fastcgi-SNAP-0910052141 configured -- resuming normal operations
[Sat Feb 21 15:52:14.686437 2015] [core:notice] [pid 14688:tid 139787258386240] AH00094: Command line: '/usr/sbin/apache2'
[Sat Feb 21 16:04:34.936170 2015] [mpm_worker:notice] [pid 14688:tid 139787258386240] AH00297: SIGUSR1 received.  Doing graceful restart
AH00558: apache2: Could not reliably determine the server's fully qualified domain name, using 127.0.1.1. Set the 'ServerName' directive globally to suppress this message
[Sat Feb 21 16:04:35.003285 2015] [:notice] [pid 16230:tid 139787258386240] FastCGI: process manager initialized (pid 16230)
[Sat Feb 21 16:04:35.003420 2015] [mpm_worker:notice] [pid 14688:tid 139787258386240] AH00292: Apache/2.4.12 (Ubuntu) mod_fastcgi/mod_fastcgi-SNAP-0910052141 configured -- resuming normal operations
[Sat Feb 21 16:04:35.004123 2015] [core:notice] [pid 14688:tid 139787258386240] AH00094: Command line: '/usr/sbin/apache2'
[Sat Feb 21 16:06:02.693068 2015] [mpm_worker:notice] [pid 14688:tid 139787258386240] AH00297: SIGUSR1 received.  Doing graceful restart
AH00558: apache2: Could not reliably determine the server's fully qualified domain name, using 127.0.1.1. Set the 'ServerName' directive globally to suppress this message
[Sat Feb 21 16:06:02.757023 2015] [:notice] [pid 16574:tid 139787258386240] FastCGI: process manager initialized (pid 16574)
[Sat Feb 21 16:06:02.757231 2015] [mpm_worker:notice] [pid 14688:tid 139787258386240] AH00292: Apache/2.4.12 (Ubuntu) mod_fastcgi/mod_fastcgi-SNAP-0910052141 configured -- resuming normal operations
[Sat Feb 21 16:06:02.757981 2015] [core:notice] [pid 14688:tid 139787258386240] AH00094: Command line: '/usr/sbin/apache2'
[Sat Feb 21 16:08:20.064596 2015] [mpm_worker:notice] [pid 14688:tid 139787258386240] AH00297: SIGUSR1 received.  Doing graceful restart
AH00558: apache2: Could not reliably determine the server's fully qualified domain name, using 127.0.1.1. Set the 'ServerName' directive globally to suppress this message
[Sat Feb 21 16:08:20.136502 2015] [:notice] [pid 16871:tid 139787258386240] FastCGI: process manager initialized (pid 16871)
[Sat Feb 21 16:08:20.136864 2015] [mpm_worker:notice] [pid 14688:tid 139787258386240] AH00292: Apache/2.4.12 (Ubuntu) mod_fastcgi/mod_fastcgi-SNAP-0910052141 configured -- resuming normal operations
[Sat Feb 21 16:08:20.137644 2015] [core:notice] [pid 14688:tid 139787258386240] AH00094: Command line: '/usr/sbin/apache2'
[Sat Feb 21 16:15:14.857718 2015] [mpm_worker:notice] [pid 14688:tid 139787258386240] AH00297: SIGUSR1 received.  Doing graceful restart
AH00558: apache2: Could not reliably determine the server's fully qualified domain name, using 127.0.1.1. Set the 'ServerName' directive globally to suppress this message
[Sat Feb 21 16:15:14.917954 2015] [:notice] [pid 17208:tid 139787258386240] FastCGI: process manager initialized (pid 17208)
[Sat Feb 21 16:15:14.918118 2015] [mpm_worker:notice] [pid 14688:tid 139787258386240] AH00292: Apache/2.4.12 (Ubuntu) mod_fastcgi/mod_fastcgi-SNAP-0910052141 configured -- resuming normal operations
[Sat Feb 21 16:15:14.918644 2015] [core:notice] [pid 14688:tid 139787258386240] AH00094: Command line: '/usr/sbin/apache2'
[Sat Feb 21 16:24:26.538494 2015] [:notice] [pid 31845:tid 140614869956416] FastCGI: process manager initialized (pid 31845)
[Sat Feb 21 16:24:26.539861 2015] [mpm_worker:notice] [pid 31841:tid 140614869956416] AH00292: Apache/2.4.12 (Ubuntu) mod_fastcgi/mod_fastcgi-SNAP-0910052141 configured -- resuming normal operations
[Sat Feb 21 16:24:26.546697 2015] [core:notice] [pid 31841:tid 140614869956416] AH00094: Command line: '/usr/sbin/apache2'
[Sat Feb 21 16:26:05.904171 2015] [mpm_worker:notice] [pid 31841:tid 140614869956416] AH00297: SIGUSR1 received.  Doing graceful restart
AH00558: apache2: Could not reliably determine the server's fully qualified domain name, using 127.0.1.1. Set the 'ServerName' directive globally to suppress this message
[Sat Feb 21 16:26:06.044118 2015] [mpm_worker:notice] [pid 31841:tid 140614869956416] AH00292: Apache/2.4.12 (Ubuntu) mod_fastcgi/mod_fastcgi-SNAP-0910052141 configured -- resuming normal operations
[Sat Feb 21 16:26:06.044161 2015] [core:notice] [pid 31841:tid 140614869956416] AH00094: Command line: '/usr/sbin/apache2'
[Sat Feb 21 16:26:06.044546 2015] [:notice] [pid 11852:tid 140614869956416] FastCGI: process manager initialized (pid 11852)
[Sat Feb 21 16:26:07.760948 2015] [mpm_worker:notice] [pid 31841:tid 140614869956416] AH00295: caught SIGTERM, shutting down
[Sat Feb 21 16:26:07.771891 2015] [:alert] [pid 11852:tid 140614869956416] FastCGI: read() from pipe failed (0)
[Sat Feb 21 16:26:07.778954 2015] [:alert] [pid 11852:tid 140614869956416] FastCGI: the PM is shutting down, Apache seems to have disappeared - bye
[Sat Feb 21 16:26:08.549116 2015] [:notice] [pid 12230:tid 139645374363456] FastCGI: process manager initialized (pid 12230)
[Sat Feb 21 16:26:08.551735 2015] [mpm_worker:notice] [pid 12226:tid 139645374363456] AH00292: Apache/2.4.12 (Ubuntu) mod_fastcgi/mod_fastcgi-SNAP-0910052141 configured -- resuming normal operations
[Sat Feb 21 16:26:08.565935 2015] [core:notice] [pid 12226:tid 139645374363456] AH00094: Command line: '/usr/sbin/apache2'
[Mon Feb 23 09:05:05.566310 2015] [:notice] [pid 16913:tid 140599575877440] FastCGI: process manager initialized (pid 16913)
[Mon Feb 23 09:05:05.568498 2015] [mpm_worker:notice] [pid 16909:tid 140599575877440] AH00292: Apache/2.4.12 (Ubuntu) mod_fastcgi/mod_fastcgi-SNAP-0910052141 configured -- resuming normal operations
[Mon Feb 23 09:05:05.580580 2015] [core:notice] [pid 16909:tid 140599575877440] AH00094: Command line: '/usr/sbin/apache2'
[Mon Feb 23 09:08:18.486248 2015] [mpm_worker:notice] [pid 16909:tid 140599575877440] AH00297: SIGUSR1 received.  Doing graceful restart
AH00558: apache2: Could not reliably determine the server's fully qualified domain name, using 127.0.1.1. Set the 'ServerName' directive globally to suppress this message
[Mon Feb 23 09:08:18.625357 2015] [:notice] [pid 31860:tid 140599575877440] FastCGI: process manager initialized (pid 31860)
[Mon Feb 23 09:08:18.625426 2015] [mpm_worker:notice] [pid 16909:tid 140599575877440] AH00292: Apache/2.4.12 (Ubuntu) mod_fastcgi/mod_fastcgi-SNAP-0910052141 configured -- resuming normal operations
[Mon Feb 23 09:08:18.626178 2015] [core:notice] [pid 16909:tid 140599575877440] AH00094: Command line: '/usr/sbin/apache2'
[Mon Feb 23 09:08:20.465011 2015] [mpm_worker:notice] [pid 16909:tid 140599575877440] AH00295: caught SIGTERM, shutting down
[Mon Feb 23 09:08:20.475910 2015] [:alert] [pid 31860:tid 140599575877440] FastCGI: read() from pipe failed (0)
[Mon Feb 23 09:08:20.482546 2015] [:alert] [pid 31860:tid 140599575877440] FastCGI: the PM is shutting down, Apache seems to have disappeared - bye
[Mon Feb 23 09:08:21.243350 2015] [:notice] [pid 32236:tid 140053862127424] FastCGI: process manager initialized (pid 32236)
[Mon Feb 23 09:08:21.245883 2015] [mpm_worker:notice] [pid 32232:tid 140053862127424] AH00292: Apache/2.4.12 (Ubuntu) mod_fastcgi/mod_fastcgi-SNAP-0910052141 configured -- resuming normal operations
[Mon Feb 23 09:08:21.257689 2015] [core:notice] [pid 32232:tid 140053862127424] AH00094: Command line: '/usr/sbin/apache2'
[Mon Feb 23 09:21:55.922209 2015] [:notice] [pid 17102:tid 139971664475968] FastCGI: process manager initialized (pid 17102)
[Mon Feb 23 09:21:55.923585 2015] [mpm_worker:notice] [pid 17098:tid 139971664475968] AH00292: Apache/2.4.12 (Ubuntu) mod_fastcgi/mod_fastcgi-SNAP-0910052141 configured -- resuming normal operations
[Mon Feb 23 09:21:55.935328 2015] [core:notice] [pid 17098:tid 139971664475968] AH00094: Command line: '/usr/sbin/apache2'
[Mon Feb 23 09:24:16.423365 2015] [mpm_worker:notice] [pid 17098:tid 139971664475968] AH00297: SIGUSR1 received.  Doing graceful restart
AH00558: apache2: Could not reliably determine the server's fully qualified domain name, using 127.0.1.1. Set the 'ServerName' directive globally to suppress this message
[Mon Feb 23 09:24:16.527051 2015] [:notice] [pid 29494:tid 139971664475968] FastCGI: process manager initialized (pid 29494)
[Mon Feb 23 09:24:16.527166 2015] [mpm_worker:notice] [pid 17098:tid 139971664475968] AH00292: Apache/2.4.12 (Ubuntu) mod_fastcgi/mod_fastcgi-SNAP-0910052141 configured -- resuming normal operations
[Mon Feb 23 09:24:16.527749 2015] [core:notice] [pid 17098:tid 139971664475968] AH00094: Command line: '/usr/sbin/apache2'
[Mon Feb 23 09:30:38.626901 2015] [mpm_worker:notice] [pid 17098:tid 139971664475968] AH00295: caught SIGTERM, shutting down
[Mon Feb 23 09:30:38.638852 2015] [:alert] [pid 29494:tid 139971664475968] (4)Interrupted system call: FastCGI: read() from pipe failed (0)
[Mon Feb 23 09:30:38.645621 2015] [:alert] [pid 29494:tid 139971664475968] (4)Interrupted system call: FastCGI: the PM is shutting down, Apache seems to have disappeared - bye
[Mon Feb 23 09:33:33.424901 2015] [:notice] [pid 3281:tid 140040070383424] FastCGI: process manager initialized (pid 3281)
[Mon Feb 23 09:33:33.426479 2015] [mpm_worker:notice] [pid 3277:tid 140040070383424] AH00292: Apache/2.4.12 (Ubuntu) mod_fastcgi/mod_fastcgi-SNAP-0910052141 configured -- resuming normal operations
[Mon Feb 23 09:33:33.429614 2015] [core:notice] [pid 3277:tid 140040070383424] AH00094: Command line: '/usr/sbin/apache2'
[Mon Feb 23 09:36:13.715190 2015] [mpm_worker:notice] [pid 3277:tid 140040070383424] AH00295: caught SIGTERM, shutting down
[Mon Feb 23 09:36:13.726960 2015] [:alert] [pid 3281:tid 140040070383424] FastCGI: read() from pipe failed (0)
[Mon Feb 23 09:36:13.727980 2015] [:alert] [pid 3281:tid 140040070383424] FastCGI: the PM is shutting down, Apache seems to have disappeared - bye
[Mon Feb 23 09:36:14.514925 2015] [:notice] [pid 6345:tid 140281210787648] FastCGI: process manager initialized (pid 6345)
[Mon Feb 23 09:36:14.516558 2015] [mpm_worker:notice] [pid 6341:tid 140281210787648] AH00292: Apache/2.4.12 (Ubuntu) mod_fastcgi/mod_fastcgi-SNAP-0910052141 configured -- resuming normal operations
[Mon Feb 23 09:36:14.527414 2015] [core:notice] [pid 6341:tid 140281210787648] AH00094: Command line: '/usr/sbin/apache2'
[Mon Feb 23 09:36:15.730860 2015] [mpm_worker:notice] [pid 6341:tid 140281210787648] AH00297: SIGUSR1 received.  Doing graceful restart
AH00558: apache2: Could not reliably determine the server's fully qualified domain name, using 127.0.1.1. Set the 'ServerName' directive globally to suppress this message
[Mon Feb 23 09:36:15.820463 2015] [:notice] [pid 6652:tid 140281210787648] FastCGI: process manager initialized (pid 6652)
[Mon Feb 23 09:36:15.820718 2015] [mpm_worker:notice] [pid 6341:tid 140281210787648] AH00292: Apache/2.4.12 (Ubuntu) mod_fastcgi/mod_fastcgi-SNAP-0910052141 configured -- resuming normal operations
[Mon Feb 23 09:36:15.821566 2015] [core:notice] [pid 6341:tid 140281210787648] AH00094: Command line: '/usr/sbin/apache2'
[Mon Feb 23 09:50:12.076163 2015] [:notice] [pid 16977:tid 139874023937856] FastCGI: process manager initialized (pid 16977)
[Mon Feb 23 09:50:12.077812 2015] [mpm_worker:notice] [pid 16973:tid 139874023937856] AH00292: Apache/2.4.12 (Ubuntu) mod_fastcgi/mod_fastcgi-SNAP-0910052141 configured -- resuming normal operations
[Mon Feb 23 09:50:12.080840 2015] [core:notice] [pid 16973:tid 139874023937856] AH00094: Command line: '/usr/sbin/apache2'
[Mon Feb 23 09:54:18.905645 2015] [mpm_worker:notice] [pid 16973:tid 139874023937856] AH00297: SIGUSR1 received.  Doing graceful restart
AH00558: apache2: Could not reliably determine the server's fully qualified domain name, using 127.0.1.1. Set the 'ServerName' directive globally to suppress this message
[Mon Feb 23 09:54:19.018640 2015] [:notice] [pid 1134:tid 139874023937856] FastCGI: process manager initialized (pid 1134)
[Mon Feb 23 09:54:19.018775 2015] [mpm_worker:notice] [pid 16973:tid 139874023937856] AH00292: Apache/2.4.12 (Ubuntu) mod_fastcgi/mod_fastcgi-SNAP-0910052141 configured -- resuming normal operations
[Mon Feb 23 09:54:19.019979 2015] [core:notice] [pid 16973:tid 139874023937856] AH00094: Command line: '/usr/sbin/apache2'
[Mon Feb 23 09:54:20.698489 2015] [mpm_worker:notice] [pid 16973:tid 139874023937856] AH00295: caught SIGTERM, shutting down
[Mon Feb 23 09:54:20.710160 2015] [:alert] [pid 1134:tid 139874023937856] FastCGI: read() from pipe failed (0)
[Mon Feb 23 09:54:20.717696 2015] [:alert] [pid 1134:tid 139874023937856] FastCGI: the PM is shutting down, Apache seems to have disappeared - bye
[Mon Feb 23 09:54:21.527181 2015] [:notice] [pid 1487:tid 140476442421056] FastCGI: process manager initialized (pid 1487)
[Mon Feb 23 09:54:21.528436 2015] [mpm_worker:notice] [pid 1483:tid 140476442421056] AH00292: Apache/2.4.12 (Ubuntu) mod_fastcgi/mod_fastcgi-SNAP-0910052141 configured -- resuming normal operations
[Mon Feb 23 09:54:21.536706 2015] [core:notice] [pid 1483:tid 140476442421056] AH00094: Command line: '/usr/sbin/apache2'
[Mon Feb 23 10:31:25.380614 2015] [mpm_worker:notice] [pid 1483:tid 140476442421056] AH00295: caught SIGTERM, shutting down
[Mon Feb 23 10:31:25.391814 2015] [:alert] [pid 1487:tid 140476442421056] (4)Interrupted system call: FastCGI: read() from pipe failed (0)
[Mon Feb 23 10:31:25.392771 2015] [:alert] [pid 1487:tid 140476442421056] (4)Interrupted system call: FastCGI: the PM is shutting down, Apache seems to have disappeared - bye
[Mon Feb 23 10:41:48.919267 2015] [:notice] [pid 3430:tid 140693570398016] FastCGI: process manager initialized (pid 3430)
[Mon Feb 23 10:41:48.923339 2015] [mpm_worker:notice] [pid 3426:tid 140693570398016] AH00292: Apache/2.4.12 (Ubuntu) mod_fastcgi/mod_fastcgi-SNAP-0910052141 configured -- resuming normal operations
[Mon Feb 23 10:41:48.932948 2015] [core:notice] [pid 3426:tid 140693570398016] AH00094: Command line: '/usr/sbin/apache2'
[Mon Feb 23 10:42:32.813810 2015] [mpm_worker:notice] [pid 3426:tid 140693570398016] AH00295: caught SIGTERM, shutting down
[Mon Feb 23 10:42:32.825236 2015] [:alert] [pid 3430:tid 140693570398016] FastCGI: read() from pipe failed (0)
[Mon Feb 23 10:42:32.831494 2015] [:alert] [pid 3430:tid 140693570398016] FastCGI: the PM is shutting down, Apache seems to have disappeared - bye
[Mon Feb 23 10:42:33.867035 2015] [:notice] [pid 6150:tid 140729412331328] FastCGI: process manager initialized (pid 6150)
[Mon Feb 23 10:42:33.868858 2015] [mpm_worker:notice] [pid 6146:tid 140729412331328] AH00292: Apache/2.4.12 (Ubuntu) mod_fastcgi/mod_fastcgi-SNAP-0910052141 configured -- resuming normal operations
[Mon Feb 23 10:42:33.872286 2015] [core:notice] [pid 6146:tid 140729412331328] AH00094: Command line: '/usr/sbin/apache2'
[Mon Feb 23 10:43:53.715842 2015] [mpm_worker:notice] [pid 6146:tid 140729412331328] AH00295: caught SIGTERM, shutting down
[Mon Feb 23 10:43:53.730569 2015] [:alert] [pid 6150:tid 140729412331328] FastCGI: read() from pipe failed (0)
[Mon Feb 23 10:43:53.738212 2015] [:alert] [pid 6150:tid 140729412331328] FastCGI: the PM is shutting down, Apache seems to have disappeared - bye
[Mon Feb 23 11:00:15.589722 2015] [:notice] [pid 3437:tid 139991193835328] FastCGI: process manager initialized (pid 3437)
[Mon Feb 23 11:00:15.591549 2015] [mpm_worker:notice] [pid 3433:tid 139991193835328] AH00292: Apache/2.4.12 (Ubuntu) mod_fastcgi/mod_fastcgi-SNAP-0910052141 configured -- resuming normal operations
[Mon Feb 23 11:00:15.600047 2015] [core:notice] [pid 3433:tid 139991193835328] AH00094: Command line: '/usr/sbin/apache2'
[Mon Feb 23 11:00:28.322012 2015] [mpm_worker:notice] [pid 3433:tid 139991193835328] AH00295: caught SIGTERM, shutting down
[Mon Feb 23 11:00:28.334417 2015] [:alert] [pid 3437:tid 139991193835328] FastCGI: read() from pipe failed (0)
[Mon Feb 23 11:00:28.335170 2015] [:alert] [pid 3437:tid 139991193835328] FastCGI: the PM is shutting down, Apache seems to have disappeared - bye
[Mon Feb 23 11:00:29.372582 2015] [:notice] [pid 4092:tid 140418507585344] FastCGI: process manager initialized (pid 4092)
[Mon Feb 23 11:00:29.374352 2015] [mpm_worker:notice] [pid 4088:tid 140418507585344] AH00292: Apache/2.4.12 (Ubuntu) mod_fastcgi/mod_fastcgi-SNAP-0910052141 configured -- resuming normal operations
[Mon Feb 23 11:00:29.378052 2015] [core:notice] [pid 4088:tid 140418507585344] AH00094: Command line: '/usr/sbin/apache2'
[Mon Feb 23 11:48:40.885221 2015] [mpm_worker:notice] [pid 4088:tid 140418507585344] AH00295: caught SIGTERM, shutting down
[Mon Feb 23 11:48:40.899122 2015] [:alert] [pid 4092:tid 140418507585344] (4)Interrupted system call: FastCGI: read() from pipe failed (0)
[Mon Feb 23 11:48:40.907024 2015] [:alert] [pid 4092:tid 140418507585344] (4)Interrupted system call: FastCGI: the PM is shutting down, Apache seems to have disappeared - bye
[Mon Feb 23 11:52:01.674251 2015] [:notice] [pid 3457:tid 140549443704640] FastCGI: process manager initialized (pid 3457)
[Mon Feb 23 11:52:01.677469 2015] [mpm_worker:notice] [pid 3453:tid 140549443704640] AH00292: Apache/2.4.12 (Ubuntu) mod_fastcgi/mod_fastcgi-SNAP-0910052141 configured -- resuming normal operations
[Mon Feb 23 11:52:01.686118 2015] [core:notice] [pid 3453:tid 140549443704640] AH00094: Command line: '/usr/sbin/apache2'
[Mon Feb 23 11:52:55.996609 2015] [mpm_worker:notice] [pid 3453:tid 140549443704640] AH00295: caught SIGTERM, shutting down
[Mon Feb 23 11:52:56.008799 2015] [:alert] [pid 3457:tid 140549443704640] FastCGI: read() from pipe failed (0)
[Mon Feb 23 11:52:56.009662 2015] [:alert] [pid 3457:tid 140549443704640] FastCGI: the PM is shutting down, Apache seems to have disappeared - bye
[Mon Feb 23 11:52:56.766903 2015] [:notice] [pid 4490:tid 140464147507008] FastCGI: process manager initialized (pid 4490)
[Mon Feb 23 11:52:56.768982 2015] [mpm_worker:notice] [pid 4486:tid 140464147507008] AH00292: Apache/2.4.12 (Ubuntu) mod_fastcgi/mod_fastcgi-SNAP-0910052141 configured -- resuming normal operations
[Mon Feb 23 11:52:56.773302 2015] [core:notice] [pid 4486:tid 140464147507008] AH00094: Command line: '/usr/sbin/apache2'
[Fri Feb 27 08:30:54.322193 2015] [:notice] [pid 16954:tid 140301562763072] FastCGI: process manager initialized (pid 16954)
[Fri Feb 27 08:30:54.324690 2015] [mpm_worker:notice] [pid 16950:tid 140301562763072] AH00292: Apache/2.4.12 (Ubuntu) mod_fastcgi/mod_fastcgi-SNAP-0910052141 configured -- resuming normal operations
[Fri Feb 27 08:30:54.331651 2015] [core:notice] [pid 16950:tid 140301562763072] AH00094: Command line: '/usr/sbin/apache2'
[Fri Feb 27 08:32:03.630025 2015] [mpm_worker:notice] [pid 16950:tid 140301562763072] AH00297: SIGUSR1 received.  Doing graceful restart
AH00558: apache2: Could not reliably determine the server's fully qualified domain name, using 127.0.1.1. Set the 'ServerName' directive globally to suppress this message
[Fri Feb 27 08:32:03.719312 2015] [:notice] [pid 23477:tid 140301562763072] FastCGI: process manager initialized (pid 23477)
[Fri Feb 27 08:32:03.719484 2015] [mpm_worker:notice] [pid 16950:tid 140301562763072] AH00292: Apache/2.4.12 (Ubuntu) mod_fastcgi/mod_fastcgi-SNAP-0910052141 configured -- resuming normal operations
[Fri Feb 27 08:32:03.720955 2015] [core:notice] [pid 16950:tid 140301562763072] AH00094: Command line: '/usr/sbin/apache2'
[Fri Feb 27 08:32:05.475706 2015] [mpm_worker:notice] [pid 16950:tid 140301562763072] AH00295: caught SIGTERM, shutting down
[Fri Feb 27 08:32:05.486863 2015] [:alert] [pid 23477:tid 140301562763072] FastCGI: read() from pipe failed (0)
[Fri Feb 27 08:32:05.493495 2015] [:alert] [pid 23477:tid 140301562763072] FastCGI: the PM is shutting down, Apache seems to have disappeared - bye
[Fri Feb 27 08:32:06.290391 2015] [:notice] [pid 23844:tid 140290771277632] FastCGI: process manager initialized (pid 23844)
[Fri Feb 27 08:32:06.292824 2015] [mpm_worker:notice] [pid 23840:tid 140290771277632] AH00292: Apache/2.4.12 (Ubuntu) mod_fastcgi/mod_fastcgi-SNAP-0910052141 configured -- resuming normal operations
[Fri Feb 27 08:32:06.294259 2015] [core:notice] [pid 23840:tid 140290771277632] AH00094: Command line: '/usr/sbin/apache2'
[Fri Feb 27 08:38:39.329044 2015] [mpm_worker:notice] [pid 23840:tid 140290771277632] AH00295: caught SIGTERM, shutting down
[Fri Feb 27 08:38:39.339938 2015] [:alert] [pid 23844:tid 140290771277632] (4)Interrupted system call: FastCGI: read() from pipe failed (0)
[Fri Feb 27 08:38:39.346873 2015] [:alert] [pid 23844:tid 140290771277632] (4)Interrupted system call: FastCGI: the PM is shutting down, Apache seems to have disappeared - bye
[Fri Feb 27 08:44:40.406807 2015] [:notice] [pid 3277:tid 140363994212160] FastCGI: process manager initialized (pid 3277)
[Fri Feb 27 08:44:40.410675 2015] [mpm_worker:notice] [pid 3273:tid 140363994212160] AH00292: Apache/2.4.12 (Ubuntu) mod_fastcgi/mod_fastcgi-SNAP-0910052141 configured -- resuming normal operations
[Fri Feb 27 08:44:40.418612 2015] [core:notice] [pid 3273:tid 140363994212160] AH00094: Command line: '/usr/sbin/apache2'
[Fri Feb 27 08:45:38.794873 2015] [mpm_worker:notice] [pid 3273:tid 140363994212160] AH00295: caught SIGTERM, shutting down
[Fri Feb 27 08:45:38.806225 2015] [:alert] [pid 3277:tid 140363994212160] FastCGI: read() from pipe failed (0)
[Fri Feb 27 08:45:38.813034 2015] [:alert] [pid 3277:tid 140363994212160] FastCGI: the PM is shutting down, Apache seems to have disappeared - bye
[Fri Feb 27 08:45:39.579520 2015] [:notice] [pid 6456:tid 139866667071296] FastCGI: process manager initialized (pid 6456)
[Fri Feb 27 08:45:39.581093 2015] [mpm_worker:notice] [pid 6452:tid 139866667071296] AH00292: Apache/2.4.12 (Ubuntu) mod_fastcgi/mod_fastcgi-SNAP-0910052141 configured -- resuming normal operations
[Fri Feb 27 08:45:39.596315 2015] [core:notice] [pid 6452:tid 139866667071296] AH00094: Command line: '/usr/sbin/apache2'
[Fri Feb 27 09:09:50.788883 2015] [:notice] [pid 16940:tid 140435391338304] FastCGI: process manager initialized (pid 16940)
[Fri Feb 27 09:09:50.793070 2015] [mpm_worker:notice] [pid 16936:tid 140435391338304] AH00292: Apache/2.4.12 (Ubuntu) mod_fastcgi/mod_fastcgi-SNAP-0910052141 configured -- resuming normal operations
[Fri Feb 27 09:09:50.798673 2015] [core:notice] [pid 16936:tid 140435391338304] AH00094: Command line: '/usr/sbin/apache2'
[Fri Feb 27 09:11:42.873470 2015] [mpm_worker:notice] [pid 16936:tid 140435391338304] AH00297: SIGUSR1 received.  Doing graceful restart
AH00558: apache2: Could not reliably determine the server's fully qualified domain name, using 127.0.1.1. Set the 'ServerName' directive globally to suppress this message
[Fri Feb 27 09:11:42.995612 2015] [:notice] [pid 26065:tid 140435391338304] FastCGI: process manager initialized (pid 26065)
[Fri Feb 27 09:11:42.995701 2015] [mpm_worker:notice] [pid 16936:tid 140435391338304] AH00292: Apache/2.4.12 (Ubuntu) mod_fastcgi/mod_fastcgi-SNAP-0910052141 configured -- resuming normal operations
[Fri Feb 27 09:11:42.996326 2015] [core:notice] [pid 16936:tid 140435391338304] AH00094: Command line: '/usr/sbin/apache2'
[Fri Feb 27 09:11:43.434023 2015] [mpm_worker:notice] [pid 16936:tid 140435391338304] AH00295: caught SIGTERM, shutting down
[Fri Feb 27 09:11:43.445261 2015] [:alert] [pid 26065:tid 140435391338304] FastCGI: read() from pipe failed (0)
[Fri Feb 27 09:11:43.446028 2015] [:alert] [pid 26065:tid 140435391338304] FastCGI: the PM is shutting down, Apache seems to have disappeared - bye
[Fri Feb 27 09:11:44.451962 2015] [:notice] [pid 26428:tid 140100313847616] FastCGI: process manager initialized (pid 26428)
[Fri Feb 27 09:11:44.453305 2015] [mpm_worker:notice] [pid 26424:tid 140100313847616] AH00292: Apache/2.4.12 (Ubuntu) mod_fastcgi/mod_fastcgi-SNAP-0910052141 configured -- resuming normal operations
[Fri Feb 27 09:11:44.460835 2015] [core:notice] [pid 26424:tid 140100313847616] AH00094: Command line: '/usr/sbin/apache2'
[Fri Feb 27 09:30:40.348677 2015] [:notice] [pid 16965:tid 139963430004544] FastCGI: process manager initialized (pid 16965)
[Fri Feb 27 09:30:40.350585 2015] [mpm_worker:notice] [pid 16961:tid 139963430004544] AH00292: Apache/2.4.12 (Ubuntu) mod_fastcgi/mod_fastcgi-SNAP-0910052141 configured -- resuming normal operations
[Fri Feb 27 09:30:40.363889 2015] [core:notice] [pid 16961:tid 139963430004544] AH00094: Command line: '/usr/sbin/apache2'
[Fri Feb 27 09:35:00.061288 2015] [mpm_worker:notice] [pid 16961:tid 139963430004544] AH00297: SIGUSR1 received.  Doing graceful restart
AH00558: apache2: Could not reliably determine the server's fully qualified domain name, using 127.0.1.1. Set the 'ServerName' directive globally to suppress this message
[Fri Feb 27 09:35:00.256908 2015] [mpm_worker:notice] [pid 16961:tid 139963430004544] AH00292: Apache/2.4.12 (Ubuntu) mod_fastcgi/mod_fastcgi-SNAP-0910052141 configured -- resuming normal operations
[Fri Feb 27 09:35:00.258061 2015] [:notice] [pid 26120:tid 139963430004544] FastCGI: process manager initialized (pid 26120)
[Fri Feb 27 09:35:00.257023 2015] [core:notice] [pid 16961:tid 139963430004544] AH00094: Command line: '/usr/sbin/apache2'
[Fri Feb 27 09:35:02.671403 2015] [mpm_worker:notice] [pid 16961:tid 139963430004544] AH00295: caught SIGTERM, shutting down
[Fri Feb 27 09:35:02.682981 2015] [:alert] [pid 26120:tid 139963430004544] FastCGI: read() from pipe failed (0)
[Fri Feb 27 09:35:02.689855 2015] [:alert] [pid 26120:tid 139963430004544] FastCGI: the PM is shutting down, Apache seems to have disappeared - bye
[Fri Feb 27 09:35:03.455305 2015] [:notice] [pid 26490:tid 139791644272448] FastCGI: process manager initialized (pid 26490)
[Fri Feb 27 09:35:03.458817 2015] [mpm_worker:notice] [pid 26486:tid 139791644272448] AH00292: Apache/2.4.12 (Ubuntu) mod_fastcgi/mod_fastcgi-SNAP-0910052141 configured -- resuming normal operations
[Fri Feb 27 09:35:03.466968 2015] [core:notice] [pid 26486:tid 139791644272448] AH00094: Command line: '/usr/sbin/apache2'
[Fri Feb 27 09:58:59.176337 2015] [:notice] [pid 17116:tid 139782352181056] FastCGI: process manager initialized (pid 17116)
[Fri Feb 27 09:58:59.177692 2015] [mpm_worker:notice] [pid 17112:tid 139782352181056] AH00292: Apache/2.4.12 (Ubuntu) mod_fastcgi/mod_fastcgi-SNAP-0910052141 configured -- resuming normal operations
[Fri Feb 27 09:58:59.190094 2015] [core:notice] [pid 17112:tid 139782352181056] AH00094: Command line: '/usr/sbin/apache2'
[Fri Feb 27 10:00:54.431301 2015] [mpm_worker:notice] [pid 17112:tid 139782352181056] AH00297: SIGUSR1 received.  Doing graceful restart
AH00558: apache2: Could not reliably determine the server's fully qualified domain name, using 127.0.1.1. Set the 'ServerName' directive globally to suppress this message
[Fri Feb 27 10:00:54.535385 2015] [:notice] [pid 26212:tid 139782352181056] FastCGI: process manager initialized (pid 26212)
[Fri Feb 27 10:00:54.535573 2015] [mpm_worker:notice] [pid 17112:tid 139782352181056] AH00292: Apache/2.4.12 (Ubuntu) mod_fastcgi/mod_fastcgi-SNAP-0910052141 configured -- resuming normal operations
[Fri Feb 27 10:00:54.537029 2015] [core:notice] [pid 17112:tid 139782352181056] AH00094: Command line: '/usr/sbin/apache2'
[Fri Feb 27 10:00:56.270079 2015] [mpm_worker:notice] [pid 17112:tid 139782352181056] AH00295: caught SIGTERM, shutting down
[Fri Feb 27 10:00:56.281153 2015] [:alert] [pid 26212:tid 139782352181056] FastCGI: read() from pipe failed (0)
[Fri Feb 27 10:00:56.281827 2015] [:alert] [pid 26212:tid 139782352181056] FastCGI: the PM is shutting down, Apache seems to have disappeared - bye
[Fri Feb 27 10:00:57.049438 2015] [:notice] [pid 26579:tid 140194333943616] FastCGI: process manager initialized (pid 26579)
[Fri Feb 27 10:00:57.052759 2015] [mpm_worker:notice] [pid 26575:tid 140194333943616] AH00292: Apache/2.4.12 (Ubuntu) mod_fastcgi/mod_fastcgi-SNAP-0910052141 configured -- resuming normal operations
[Fri Feb 27 10:00:57.059906 2015] [core:notice] [pid 26575:tid 140194333943616] AH00094: Command line: '/usr/sbin/apache2'
[Fri Feb 27 10:12:51.976131 2015] [:notice] [pid 17070:tid 140011503458112] FastCGI: process manager initialized (pid 17070)
[Fri Feb 27 10:12:51.978748 2015] [mpm_worker:notice] [pid 17066:tid 140011503458112] AH00292: Apache/2.4.12 (Ubuntu) mod_fastcgi/mod_fastcgi-SNAP-0910052141 configured -- resuming normal operations
[Fri Feb 27 10:12:51.991768 2015] [core:notice] [pid 17066:tid 140011503458112] AH00094: Command line: '/usr/sbin/apache2'
[Fri Feb 27 10:15:28.144803 2015] [mpm_worker:notice] [pid 17066:tid 140011503458112] AH00297: SIGUSR1 received.  Doing graceful restart
AH00112: Warning: DocumentRoot [/usr/share/opcachegui/] does not exist
AH00558: apache2: Could not reliably determine the server's fully qualified domain name, using 127.0.1.1. Set the 'ServerName' directive globally to suppress this message
[Fri Feb 27 10:15:28.330373 2015] [mpm_worker:notice] [pid 17066:tid 140011503458112] AH00292: Apache/2.4.12 (Ubuntu) mod_fastcgi/mod_fastcgi-SNAP-0910052141 configured -- resuming normal operations
[Fri Feb 27 10:15:28.330420 2015] [core:notice] [pid 17066:tid 140011503458112] AH00094: Command line: '/usr/sbin/apache2'
[Fri Feb 27 10:15:28.330484 2015] [:notice] [pid 26302:tid 140011503458112] FastCGI: process manager initialized (pid 26302)
[Fri Feb 27 10:15:30.450988 2015] [mpm_worker:notice] [pid 17066:tid 140011503458112] AH00295: caught SIGTERM, shutting down
[Fri Feb 27 10:15:30.462336 2015] [:alert] [pid 26302:tid 140011503458112] FastCGI: read() from pipe failed (0)
[Fri Feb 27 10:15:30.463177 2015] [:alert] [pid 26302:tid 140011503458112] FastCGI: the PM is shutting down, Apache seems to have disappeared - bye
[Fri Feb 27 10:15:31.331615 2015] [:notice] [pid 26669:tid 140179614848832] FastCGI: process manager initialized (pid 26669)
[Fri Feb 27 10:15:31.348176 2015] [mpm_worker:notice] [pid 26665:tid 140179614848832] AH00292: Apache/2.4.12 (Ubuntu) mod_fastcgi/mod_fastcgi-SNAP-0910052141 configured -- resuming normal operations
[Fri Feb 27 10:15:31.391542 2015] [core:notice] [pid 26665:tid 140179614848832] AH00094: Command line: '/usr/sbin/apache2'
[Fri Feb 27 10:28:33.976181 2015] [:notice] [pid 17070:tid 139748760610624] FastCGI: process manager initialized (pid 17070)
[Fri Feb 27 10:28:33.978785 2015] [mpm_worker:notice] [pid 17066:tid 139748760610624] AH00292: Apache/2.4.12 (Ubuntu) mod_fastcgi/mod_fastcgi-SNAP-0910052141 configured -- resuming normal operations
[Fri Feb 27 10:28:33.995579 2015] [core:notice] [pid 17066:tid 139748760610624] AH00094: Command line: '/usr/sbin/apache2'
[Fri Feb 27 10:29:36.996200 2015] [mpm_worker:notice] [pid 17066:tid 139748760610624] AH00297: SIGUSR1 received.  Doing graceful restart
AH00558: apache2: Could not reliably determine the server's fully qualified domain name, using 127.0.1.1. Set the 'ServerName' directive globally to suppress this message
[Fri Feb 27 10:29:37.104400 2015] [:notice] [pid 19277:tid 139748760610624] FastCGI: process manager initialized (pid 19277)
[Fri Feb 27 10:29:37.104512 2015] [mpm_worker:notice] [pid 17066:tid 139748760610624] AH00292: Apache/2.4.12 (Ubuntu) mod_fastcgi/mod_fastcgi-SNAP-0910052141 configured -- resuming normal operations
[Fri Feb 27 10:29:37.105145 2015] [core:notice] [pid 17066:tid 139748760610624] AH00094: Command line: '/usr/sbin/apache2'
[Fri Feb 27 10:29:38.888832 2015] [mpm_worker:notice] [pid 17066:tid 139748760610624] AH00295: caught SIGTERM, shutting down
[Fri Feb 27 10:29:38.904029 2015] [:alert] [pid 19277:tid 139748760610624] FastCGI: read() from pipe failed (0)
[Fri Feb 27 10:29:38.904717 2015] [:alert] [pid 19277:tid 139748760610624] FastCGI: the PM is shutting down, Apache seems to have disappeared - bye
[Fri Feb 27 10:29:39.658205 2015] [:notice] [pid 19644:tid 140060979623744] FastCGI: process manager initialized (pid 19644)
[Fri Feb 27 10:29:39.660355 2015] [mpm_worker:notice] [pid 19640:tid 140060979623744] AH00292: Apache/2.4.12 (Ubuntu) mod_fastcgi/mod_fastcgi-SNAP-0910052141 configured -- resuming normal operations
[Fri Feb 27 10:29:39.667453 2015] [core:notice] [pid 19640:tid 140060979623744] AH00094: Command line: '/usr/sbin/apache2'
[Fri Feb 27 10:40:28.126897 2015] [:notice] [pid 17081:tid 139657361348416] FastCGI: process manager initialized (pid 17081)
[Fri Feb 27 10:40:28.128568 2015] [mpm_worker:notice] [pid 17077:tid 139657361348416] AH00292: Apache/2.4.12 (Ubuntu) mod_fastcgi/mod_fastcgi-SNAP-0910052141 configured -- resuming normal operations
[Fri Feb 27 10:40:28.135574 2015] [core:notice] [pid 17077:tid 139657361348416] AH00094: Command line: '/usr/sbin/apache2'
[Fri Feb 27 10:42:42.445375 2015] [mpm_worker:notice] [pid 17077:tid 139657361348416] AH00297: SIGUSR1 received.  Doing graceful restart
AH00112: Warning: DocumentRoot [/usr/share/opcachegui/] does not exist
AH00558: apache2: Could not reliably determine the server's fully qualified domain name, using 127.0.1.1. Set the 'ServerName' directive globally to suppress this message
[Fri Feb 27 10:42:42.586025 2015] [:notice] [pid 26150:tid 139657361348416] FastCGI: process manager initialized (pid 26150)
[Fri Feb 27 10:42:42.586127 2015] [mpm_worker:notice] [pid 17077:tid 139657361348416] AH00292: Apache/2.4.12 (Ubuntu) mod_fastcgi/mod_fastcgi-SNAP-0910052141 configured -- resuming normal operations
[Fri Feb 27 10:42:42.586866 2015] [core:notice] [pid 17077:tid 139657361348416] AH00094: Command line: '/usr/sbin/apache2'
[Fri Feb 27 10:42:43.392045 2015] [mpm_worker:notice] [pid 17077:tid 139657361348416] AH00295: caught SIGTERM, shutting down
[Fri Feb 27 10:42:43.403682 2015] [:alert] [pid 26150:tid 139657361348416] FastCGI: read() from pipe failed (0)
[Fri Feb 27 10:42:43.404592 2015] [:alert] [pid 26150:tid 139657361348416] FastCGI: the PM is shutting down, Apache seems to have disappeared - bye
[Fri Feb 27 10:42:44.236696 2015] [:notice] [pid 26516:tid 139991547397952] FastCGI: process manager initialized (pid 26516)
[Fri Feb 27 10:42:44.238933 2015] [mpm_worker:notice] [pid 26512:tid 139991547397952] AH00292: Apache/2.4.12 (Ubuntu) mod_fastcgi/mod_fastcgi-SNAP-0910052141 configured -- resuming normal operations
[Fri Feb 27 10:42:44.249442 2015] [core:notice] [pid 26512:tid 139991547397952] AH00094: Command line: '/usr/sbin/apache2'
[Fri Feb 27 13:29:16.063577 2015] [:notice] [pid 17092:tid 140554868381504] FastCGI: process manager initialized (pid 17092)
[Fri Feb 27 13:29:16.065751 2015] [mpm_worker:notice] [pid 17088:tid 140554868381504] AH00292: Apache/2.4.12 (Ubuntu) mod_fastcgi/mod_fastcgi-SNAP-0910052141 configured -- resuming normal operations
[Fri Feb 27 13:29:16.077427 2015] [core:notice] [pid 17088:tid 140554868381504] AH00094: Command line: '/usr/sbin/apache2'
[Fri Feb 27 13:38:32.394254 2015] [mpm_worker:notice] [pid 17088:tid 140554868381504] AH00295: caught SIGTERM, shutting down
[Fri Feb 27 13:38:32.405433 2015] [:alert] [pid 17092:tid 140554868381504] (4)Interrupted system call: FastCGI: read() from pipe failed (0)
[Fri Feb 27 13:38:32.407480 2015] [:alert] [pid 17092:tid 140554868381504] (4)Interrupted system call: FastCGI: the PM is shutting down, Apache seems to have disappeared - bye
[Fri Feb 27 13:38:34.745995 2015] [:notice] [pid 30745:tid 140491212969792] FastCGI: process manager initialized (pid 30745)
[Fri Feb 27 13:38:34.747470 2015] [mpm_worker:notice] [pid 30743:tid 140491212969792] AH00292: Apache/2.4.12 (Ubuntu) mod_fastcgi/mod_fastcgi-SNAP-0910052141 configured -- resuming normal operations
[Fri Feb 27 13:38:34.760166 2015] [core:notice] [pid 30743:tid 140491212969792] AH00094: Command line: '/usr/sbin/apache2'
[Fri Feb 27 16:28:09.618726 2015] [:notice] [pid 16666:tid 139876587910976] FastCGI: process manager initialized (pid 16666)
[Fri Feb 27 16:28:09.620116 2015] [mpm_worker:notice] [pid 16662:tid 139876587910976] AH00292: Apache/2.4.12 (Ubuntu) mod_fastcgi/mod_fastcgi-SNAP-0910052141 configured -- resuming normal operations
[Fri Feb 27 16:28:09.634196 2015] [core:notice] [pid 16662:tid 139876587910976] AH00094: Command line: '/usr/sbin/apache2'
[Fri Feb 27 16:31:34.232251 2015] [mpm_worker:notice] [pid 16662:tid 139876587910976] AH00297: SIGUSR1 received.  Doing graceful restart
AH00558: apache2: Could not reliably determine the server's fully qualified domain name, using 127.0.1.1. Set the 'ServerName' directive globally to suppress this message
[Fri Feb 27 16:31:34.321675 2015] [:notice] [pid 30117:tid 139876587910976] FastCGI: process manager initialized (pid 30117)
[Fri Feb 27 16:31:34.321790 2015] [mpm_worker:notice] [pid 16662:tid 139876587910976] AH00292: Apache/2.4.12 (Ubuntu) mod_fastcgi/mod_fastcgi-SNAP-0910052141 configured -- resuming normal operations
[Fri Feb 27 16:31:34.322465 2015] [core:notice] [pid 16662:tid 139876587910976] AH00094: Command line: '/usr/sbin/apache2'
[Fri Feb 27 16:31:36.127780 2015] [mpm_worker:notice] [pid 16662:tid 139876587910976] AH00295: caught SIGTERM, shutting down
[Fri Feb 27 16:31:36.143588 2015] [:alert] [pid 30117:tid 139876587910976] FastCGI: read() from pipe failed (0)
[Fri Feb 27 16:31:36.150942 2015] [:alert] [pid 30117:tid 139876587910976] FastCGI: the PM is shutting down, Apache seems to have disappeared - bye
[Fri Feb 27 16:31:36.901809 2015] [:notice] [pid 30518:tid 140064670824256] FastCGI: process manager initialized (pid 30518)
[Fri Feb 27 16:31:36.903282 2015] [mpm_worker:notice] [pid 30514:tid 140064670824256] AH00292: Apache/2.4.12 (Ubuntu) mod_fastcgi/mod_fastcgi-SNAP-0910052141 configured -- resuming normal operations
[Fri Feb 27 16:31:36.912971 2015] [core:notice] [pid 30514:tid 140064670824256] AH00094: Command line: '/usr/sbin/apache2'
[Fri Feb 27 16:44:16.292737 2015] [mpm_worker:notice] [pid 30514:tid 140064670824256] AH00295: caught SIGTERM, shutting down
[Fri Feb 27 16:44:16.303655 2015] [:alert] [pid 30518:tid 140064670824256] (4)Interrupted system call: FastCGI: read() from pipe failed (0)
[Fri Feb 27 16:44:16.310397 2015] [:alert] [pid 30518:tid 140064670824256] (4)Interrupted system call: FastCGI: the PM is shutting down, Apache seems to have disappeared - bye
[Fri Feb 27 16:46:02.934284 2015] [:notice] [pid 3396:tid 140136688129856] FastCGI: process manager initialized (pid 3396)
[Fri Feb 27 16:46:02.935860 2015] [mpm_worker:notice] [pid 3392:tid 140136688129856] AH00292: Apache/2.4.12 (Ubuntu) mod_fastcgi/mod_fastcgi-SNAP-0910052141 configured -- resuming normal operations
[Fri Feb 27 16:46:02.943190 2015] [core:notice] [pid 3392:tid 140136688129856] AH00094: Command line: '/usr/sbin/apache2'
[Fri Feb 27 16:46:10.645014 2015] [mpm_worker:notice] [pid 3392:tid 140136688129856] AH00295: caught SIGTERM, shutting down
[Fri Feb 27 16:46:10.656871 2015] [:alert] [pid 3396:tid 140136688129856] FastCGI: read() from pipe failed (0)
[Fri Feb 27 16:46:10.664976 2015] [:alert] [pid 3396:tid 140136688129856] FastCGI: the PM is shutting down, Apache seems to have disappeared - bye
[Fri Feb 27 16:46:11.696957 2015] [:notice] [pid 4072:tid 139884206872384] FastCGI: process manager initialized (pid 4072)
[Fri Feb 27 16:46:11.698567 2015] [mpm_worker:notice] [pid 4068:tid 139884206872384] AH00292: Apache/2.4.12 (Ubuntu) mod_fastcgi/mod_fastcgi-SNAP-0910052141 configured -- resuming normal operations
[Fri Feb 27 16:46:11.709589 2015] [core:notice] [pid 4068:tid 139884206872384] AH00094: Command line: '/usr/sbin/apache2'
[Fri Feb 27 17:12:36.188567 2015] [:notice] [pid 13859:tid 140137442686784] FastCGI: process manager initialized (pid 13859)
[Fri Feb 27 17:12:36.190322 2015] [mpm_worker:notice] [pid 13855:tid 140137442686784] AH00292: Apache/2.4.12 (Ubuntu) mod_fastcgi/mod_fastcgi-SNAP-0910052141 configured -- resuming normal operations
[Fri Feb 27 17:12:36.200991 2015] [core:notice] [pid 13855:tid 140137442686784] AH00094: Command line: '/usr/sbin/apache2'
[Sat Feb 28 15:25:28.999174 2015] [:notice] [pid 14005:tid 140471305267008] FastCGI: process manager initialized (pid 14005)
[Sat Feb 28 15:25:29.002434 2015] [mpm_worker:notice] [pid 14001:tid 140471305267008] AH00292: Apache/2.4.12 (Ubuntu) mod_fastcgi/mod_fastcgi-SNAP-0910052141 configured -- resuming normal operations
[Sat Feb 28 15:25:29.011768 2015] [core:notice] [pid 14001:tid 140471305267008] AH00094: Command line: '/usr/sbin/apache2'
[Sat Feb 28 15:44:47.312120 2015] [:notice] [pid 17006:tid 140626555557696] FastCGI: process manager initialized (pid 17006)
[Sat Feb 28 15:44:47.314915 2015] [mpm_worker:notice] [pid 17002:tid 140626555557696] AH00292: Apache/2.4.12 (Ubuntu) mod_fastcgi/mod_fastcgi-SNAP-0910052141 configured -- resuming normal operations
[Sat Feb 28 15:44:47.320417 2015] [core:notice] [pid 17002:tid 140626555557696] AH00094: Command line: '/usr/sbin/apache2'
[Sat Feb 28 16:12:31.491533 2015] [:notice] [pid 17197:tid 139778600576832] FastCGI: process manager initialized (pid 17197)
[Sat Feb 28 16:12:31.494654 2015] [mpm_worker:notice] [pid 17193:tid 139778600576832] AH00292: Apache/2.4.12 (Ubuntu) mod_fastcgi/mod_fastcgi-SNAP-0910052141 configured -- resuming normal operations
[Sat Feb 28 16:12:31.499655 2015] [core:notice] [pid 17193:tid 139778600576832] AH00094: Command line: '/usr/sbin/apache2'
[Sat Feb 28 17:39:28.160868 2015] [:notice] [pid 29975:tid 140155617044288] FastCGI: process manager initialized (pid 29975)
[Sat Feb 28 17:39:28.163263 2015] [mpm_worker:notice] [pid 29971:tid 140155617044288] AH00292: Apache/2.4.12 (Ubuntu) mod_fastcgi/mod_fastcgi-SNAP-0910052141 configured -- resuming normal operations
[Sat Feb 28 17:39:28.176170 2015] [core:notice] [pid 29971:tid 140155617044288] AH00094: Command line: '/usr/sbin/apache2'
[Sat Feb 28 17:42:03.373229 2015] [mpm_worker:notice] [pid 29971:tid 140155617044288] AH00297: SIGUSR1 received.  Doing graceful restart
AH00558: apache2: Could not reliably determine the server's fully qualified domain name, using 127.0.1.1. Set the 'ServerName' directive globally to suppress this message
[Sat Feb 28 17:42:03.557509 2015] [:notice] [pid 6750:tid 140155617044288] FastCGI: process manager initialized (pid 6750)
[Sat Feb 28 17:42:03.558130 2015] [mpm_worker:notice] [pid 29971:tid 140155617044288] AH00292: Apache/2.4.12 (Ubuntu) mod_fastcgi/mod_fastcgi-SNAP-0910052141 configured -- resuming normal operations
[Sat Feb 28 17:42:03.559458 2015] [core:notice] [pid 29971:tid 140155617044288] AH00094: Command line: '/usr/sbin/apache2'
[Sat Feb 28 17:42:05.566336 2015] [mpm_worker:notice] [pid 29971:tid 140155617044288] AH00295: caught SIGTERM, shutting down
[Sat Feb 28 17:42:05.578059 2015] [:alert] [pid 6750:tid 140155617044288] FastCGI: read() from pipe failed (0)
[Sat Feb 28 17:42:05.586218 2015] [:alert] [pid 6750:tid 140155617044288] FastCGI: the PM is shutting down, Apache seems to have disappeared - bye
[Sat Feb 28 17:42:06.376751 2015] [:notice] [pid 7115:tid 139967294277440] FastCGI: process manager initialized (pid 7115)
[Sat Feb 28 17:42:06.380512 2015] [mpm_worker:notice] [pid 7111:tid 139967294277440] AH00292: Apache/2.4.12 (Ubuntu) mod_fastcgi/mod_fastcgi-SNAP-0910052141 configured -- resuming normal operations
[Sat Feb 28 17:42:06.391635 2015] [core:notice] [pid 7111:tid 139967294277440] AH00094: Command line: '/usr/sbin/apache2'
